[debug] [2023-11-13T18:58:54.210Z] ----------------------------------------------------------------------
[debug] [2023-11-13T18:58:54.211Z] Command:       /Users/cooperstrahan/.nvm/versions/node/v16.17.1/bin/node /opt/homebrew/bin/firebase init
[debug] [2023-11-13T18:58:54.211Z] CLI Version:   11.2.1
[debug] [2023-11-13T18:58:54.211Z] Platform:      darwin
[debug] [2023-11-13T18:58:54.211Z] Node Version:  v16.17.1
[debug] [2023-11-13T18:58:54.212Z] Time:          Mon Nov 13 2023 11:58:54 GMT-0700 (Mountain Standard Time)
[debug] [2023-11-13T18:58:54.212Z] ----------------------------------------------------------------------
[debug] 
[debug] [2023-11-13T18:58:54.215Z] > command requires scopes: ["email","openid","https://www.googleapis.com/auth/cloudplatformprojects.readonly","https://www.googleapis.com/auth/firebase","https://www.googleapis.com/auth/cloud-platform"]
[debug] [2023-11-13T18:58:54.215Z] > authorizing via signed-in user (cooperstrahan@gmail.com)
[info] 
     ######## #### ########  ######## ########     ###     ######  ########
     ##        ##  ##     ## ##       ##     ##  ##   ##  ##       ##
     ######    ##  ########  ######   ########  #########  ######  ######
     ##        ##  ##    ##  ##       ##     ## ##     ##       ## ##
     ##       #### ##     ## ######## ########  ##     ##  ######  ########

You're about to initialize a Firebase project in this directory:

  /Users/cooperstrahan/Projects/cooper-web

[info] 
=== Project Setup
[info] 
[info] First, let's associate this project directory with a Firebase project.
[info] You can create multiple project aliases by running firebase use --add, 
[info] but for now we'll just set up a default project.
[info] 
[debug] [2023-11-13T18:59:29.511Z] >>> [apiv2][query] GET https://firebase.googleapis.com/v1beta1/projects pageSize=100
[debug] [2023-11-13T18:59:30.072Z] <<< [apiv2][status] GET https://firebase.googleapis.com/v1beta1/projects 200
[debug] [2023-11-13T18:59:30.073Z] <<< [apiv2][body] GET https://firebase.googleapis.com/v1beta1/projects [omitted]
[info] i  Using project cooperstrahan-1b97a (cooperstrahan) 
[info] 
=== Hosting Setup
[info] 
[info] Your public directory is the folder (relative to your project directory) that
[info] will contain Hosting assets to be uploaded with firebase deploy. If you
[info] have a build process for your assets, use your build's output directory.
[info] 
[debug] [2023-11-13T18:59:48.507Z] >>> [apiv2][query] GET https://www.gstatic.com/firebasejs/releases.json [none]
[debug] [2023-11-13T18:59:48.747Z] <<< [apiv2][status] GET https://www.gstatic.com/firebasejs/releases.json 200
[debug] [2023-11-13T18:59:48.748Z] <<< [apiv2][body] GET https://www.gstatic.com/firebasejs/releases.json {"current":{"version":"10.6.0","browserURL":"https://www.gstatic.com/firebasejs/10.6.0/firebase.js","packageURL":"https://www.gstatic.com/firebasejs/10.6.0/firebase.tgz"},"live":{"version":"10.6","browserURL":"https://www.gstatic.com/firebasejs/live/10.6/firebase.js","packageURL":"https://www.gstatic.com/firebasejs/live/10.6/firebase.tgz"},"components":{"analytics":"https://www.gstatic.com/firebasejs/10.6.0/firebase-analytics.js","app":"https://www.gstatic.com/firebasejs/10.6.0/firebase-app.js","app-check":"https://www.gstatic.com/firebasejs/10.6.0/firebase-app-check.js","auth":"https://www.gstatic.com/firebasejs/10.6.0/firebase-auth.js","auth/cordova":"https://www.gstatic.com/firebasejs/10.6.0/firebase-auth/cordova.js","functions":"https://www.gstatic.com/firebasejs/10.6.0/firebase-functions.js","firestore":"https://www.gstatic.com/firebasejs/10.6.0/firebase-firestore.js","firestore/lite":"https://www.gstatic.com/firebasejs/10.6.0/firebase-firestore/lite.js","installations":"https://www.gstatic.com/firebasejs/10.6.0/firebase-installations.js","storage":"https://www.gstatic.com/firebasejs/10.6.0/firebase-storage.js","performance":"https://www.gstatic.com/firebasejs/10.6.0/firebase-performance.js","remote-config":"https://www.gstatic.com/firebasejs/10.6.0/firebase-remote-config.js","messaging":"https://www.gstatic.com/firebasejs/10.6.0/firebase-messaging.js","messaging/sw":"https://www.gstatic.com/firebasejs/10.6.0/firebase-messaging/sw.js","database":"https://www.gstatic.com/firebasejs/10.6.0/firebase-database.js","firestore.memory":"https://www.gstatic.com/firebasejs/10.6.0/firebase-firestore.memory.js"}}
[info] ✔  Wrote public/index.html 
[info] 
[info] i  Detected a .git folder at /Users/cooperstrahan/Projects/cooper-web 
[info] i  Authorizing with GitHub to upload your service account to a GitHub repository's secrets store. 
[info] 
[info] Visit this URL on this device to log in:
[info] https://github.com/login/oauth/authorize?client_id=89cf50f02ac6aaed3484&state=415464120&redirect_uri=http%3A%2F%2Flocalhost%3A9005&scope=read%3Auser%20repo%20public_repo
[info] 
[info] Waiting for authentication...
[debug] [2023-11-13T19:00:55.187Z] >>> [apiv2][query] POST https://github.com/login/oauth/access_token [none]
[debug] [2023-11-13T19:00:55.187Z] >>> [apiv2][body] POST https://github.com/login/oauth/access_token [stream]
[debug] [2023-11-13T19:00:55.617Z] <<< [apiv2][status] POST https://github.com/login/oauth/access_token 200
[debug] [2023-11-13T19:00:55.617Z] <<< [apiv2][body] POST https://github.com/login/oauth/access_token {"access_token":"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","token_type":"bearer","scope":"read:user,repo"}
[debug] [2023-11-13T19:00:55.642Z] >>> [apiv2][query] GET https://api.github.com/user [none]
[debug] [2023-11-13T19:00:56.053Z] <<< [apiv2][status] GET https://api.github.com/user 200
[debug] [2023-11-13T19:00:56.053Z] <<< [apiv2][body] GET https://api.github.com/user {"login":"cooperstrahan","id":5920695,"node_id":"MDQ6VXNlcjU5MjA2OTU=","avatar_url":"https://avatars.githubusercontent.com/u/5920695?v=4","gravatar_id":"","url":"https://api.github.com/users/cooperstrahan","html_url":"https://github.com/cooperstrahan","followers_url":"https://api.github.com/users/cooperstrahan/followers","following_url":"https://api.github.com/users/cooperstrahan/following{/other_user}","gists_url":"https://api.github.com/users/cooperstrahan/gists{/gist_id}","starred_url":"https://api.github.com/users/cooperstrahan/starred{/owner}{/repo}","subscriptions_url":"https://api.github.com/users/cooperstrahan/subscriptions","organizations_url":"https://api.github.com/users/cooperstrahan/orgs","repos_url":"https://api.github.com/users/cooperstrahan/repos","events_url":"https://api.github.com/users/cooperstrahan/events{/privacy}","received_events_url":"https://api.github.com/users/cooperstrahan/received_events","type":"User","site_admin":false,"name":"Cooper Strahan","company":null,"blog":"cooperstrahan.com","location":null,"email":"cooperstrahan@gmail.com","hireable":null,"bio":null,"twitter_username":null,"public_repos":111,"public_gists":0,"followers":24,"following":25,"created_at":"2013-11-12T15:29:42Z","updated_at":"2023-10-04T18:50:55Z","private_gists":0,"total_private_repos":4,"owned_private_repos":4,"disk_usage":205770,"collaborators":5,"two_factor_authentication":true,"plan":{"name":"free","space":976562499,"collaborators":0,"private_repos":10000}}
[info] 
[info] ✔  Success! Logged into GitHub as cooperstrahan 
[info] 
